{
  "RSpec": {
    "coverage": {
      "/home/nukke/nukkeapp/spec/controllers/api/books_controller_spec.rb": [
        1,
        null,
        1,
        null,
        null
      ],
      "/home/nukke/nukkeapp/spec/rails_helper.rb": [
        null,
        1,
        1,
        1,
        null,
        1,
        1,
        null,
        null,
        null,
        null,
        null,
        null,
        null,
        null,
        null,
        null,
        null,
        null,
        null,
        null,
        null,
        null,
        null,
        null,
        null,
        1,
        1,
        null,
        0,
        0,
        null,
        1,
        null,
        1,
        null,
        null,
        null,
        null,
        1,
        null,
        null,
        null,
        null,
        null,
        null,
        null,
        null,
        null,
        null,
        null,
        null,
        null,
        null,
        1,
        null,
        null,
        1,
        null,
        null,
        null
      ],
      "/home/nukke/nukkeapp/config/environment.rb": [
        null,
        1,
        null,
        null,
        1
      ],
      "/home/nukke/nukkeapp/config/application.rb": [
        1,
        null,
        1,
        null,
        null,
        null,
        1,
        null,
        1,
        1,
        null,
        1,
        null,
        null,
        null,
        null,
        null,
        null,
        null
      ],
      "/home/nukke/nukkeapp/config/boot.rb": [
        1,
        null,
        1,
        1
      ],
      "/home/nukke/nukkeapp/config/environments/test.rb": [
        1,
        null,
        null,
        null,
        null,
        null,
        null,
        1,
        null,
        null,
        null,
        null,
        1,
        null,
        null,
        1,
        1,
        null,
        null,
        null,
        null,
        1,
        1,
        null,
        null,
        1,
        null,
        null,
        1,
        null,
        null,
        1,
        null,
        1,
        null,
        null,
        null,
        null,
        1,
        null,
        null,
        1,
        null,
        null,
        null,
        null
      ],
      "/home/nukke/nukkeapp/config/initializers/ams.rb": [
        null,
        1
      ],
      "/home/nukke/nukkeapp/config/initializers/application_controller_renderer.rb": [
        null,
        null,
        null,
        null,
        null,
        null,
        null,
        null
      ],
      "/home/nukke/nukkeapp/config/initializers/assets.rb": [
        null,
        null,
        null,
        1,
        null,
        null,
        null,
        null,
        1,
        null,
        null,
        null,
        null,
        null
      ],
      "/home/nukke/nukkeapp/config/initializers/backtrace_silencers.rb": [
        null,
        null,
        null,
        null,
        null,
        null,
        null
      ],
      "/home/nukke/nukkeapp/config/initializers/content_security_policy.rb": [
        null,
        null,
        null,
        null,
        null,
        null,
        null,
        null,
        null,
        null,
        null,
        null,
        null,
        null,
        null,
        null,
        null,
        null,
        null,
        null,
        null,
        null,
        null,
        null,
        null
      ],
      "/home/nukke/nukkeapp/config/initializers/cookies_serializer.rb": [
        null,
        null,
        null,
        null,
        1
      ],
      "/home/nukke/nukkeapp/config/initializers/filter_parameter_logging.rb": [
        null,
        null,
        null,
        1
      ],
      "/home/nukke/nukkeapp/config/initializers/inflections.rb": [
        null,
        null,
        null,
        null,
        null,
        null,
        null,
        null,
        null,
        null,
        null,
        null,
        null,
        null,
        null,
        null
      ],
      "/home/nukke/nukkeapp/config/initializers/mime_types.rb": [
        null,
        null,
        null,
        null
      ],
      "/home/nukke/nukkeapp/config/initializers/wrap_parameters.rb": [
        null,
        null,
        null,
        null,
        null,
        null,
        1,
        2,
        null,
        null,
        null,
        null,
        null,
        null
      ],
      "/home/nukke/nukkeapp/spec/factories/book_shops.rb": [
        null,
        null,
        1,
        1,
        1,
        1,
        1,
        null,
        null
      ],
      "/home/nukke/nukkeapp/spec/factories/books.rb": [
        null,
        null,
        1,
        1,
        32,
        32,
        1,
        null,
        null
      ],
      "/home/nukke/nukkeapp/spec/factories/publishers.rb": [
        1,
        1,
        39,
        null,
        null
      ],
      "/home/nukke/nukkeapp/spec/factories/shops.rb": [
        1,
        1,
        23,
        23,
        null,
        null
      ],
      "/home/nukke/nukkeapp/config/routes.rb": [
        1,
        1,
        1,
        1,
        null,
        null,
        1,
        null,
        1,
        1,
        1,
        1,
        null,
        1,
        1,
        1,
        null,
        null,
        null
      ],
      "/home/nukke/nukkeapp/app/helpers/application_helper.rb": [
        1,
        null
      ],
      "/home/nukke/nukkeapp/app/helpers/books_helper.rb": [
        1,
        null
      ],
      "/home/nukke/nukkeapp/app/helpers/publishers_helper.rb": [
        1,
        null
      ],
      "/home/nukke/nukkeapp/app/helpers/shops_helper.rb": [
        1,
        null
      ],
      "/home/nukke/nukkeapp/app/controllers/api/books_controller.rb": [
        null,
        null,
        1,
        1,
        1,
        null,
        1,
        1,
        1,
        null,
        null,
        1,
        1,
        null,
        null,
        1,
        2,
        2,
        1,
        null,
        1,
        null,
        null,
        null,
        1,
        null,
        1,
        1,
        null,
        null,
        1,
        2,
        null,
        null,
        null
      ],
      "/home/nukke/nukkeapp/app/controllers/application_controller.rb": [
        null,
        null,
        1,
        1,
        null,
        null
      ],
      "/home/nukke/nukkeapp/spec/controllers/api/publishers_controller_spec.rb": [
        1,
        null,
        1,
        null,
        null
      ],
      "/home/nukke/nukkeapp/app/controllers/api/publishers_controller.rb": [
        null,
        null,
        1,
        1,
        1,
        null,
        1,
        1,
        1,
        null,
        null,
        1,
        1,
        null,
        null,
        null,
        1,
        null,
        null,
        1,
        2,
        2,
        1,
        null,
        1,
        null,
        null,
        null,
        1,
        null,
        1,
        1,
        null,
        null,
        1,
        2,
        null,
        null,
        null
      ],
      "/home/nukke/nukkeapp/spec/controllers/api/shops_controller_spec.rb": [
        1,
        null,
        1,
        null,
        null
      ],
      "/home/nukke/nukkeapp/app/controllers/api/shops_controller.rb": [
        null,
        null,
        null,
        1,
        1,
        1,
        1,
        1,
        1,
        null,
        null,
        1,
        1,
        null,
        null,
        1,
        4,
        4,
        2,
        null,
        2,
        null,
        null,
        null,
        null,
        1,
        5,
        3,
        null,
        1,
        null,
        null,
        1,
        null,
        null,
        null,
        1,
        null,
        1,
        6,
        null,
        null,
        1,
        4,
        null,
        4,
        null,
        null,
        1,
        5,
        null,
        null,
        null
      ],
      "/home/nukke/nukkeapp/spec/models/book_shop_spec.rb": [
        1,
        null,
        1,
        1,
        null
      ],
      "/home/nukke/nukkeapp/app/models/book_shop.rb": [
        null,
        null,
        1,
        1,
        1,
        1,
        null,
        1,
        null,
        null,
        null,
        null
      ],
      "/home/nukke/nukkeapp/app/models/application_record.rb": [
        1,
        1,
        null
      ],
      "/home/nukke/nukkeapp/spec/models/book_spec.rb": [
        1,
        null,
        1,
        1,
        1,
        0,
        null,
        null
      ],
      "/home/nukke/nukkeapp/app/models/book.rb": [
        null,
        null,
        1,
        1,
        1,
        1,
        null,
        null,
        null
      ],
      "/home/nukke/nukkeapp/spec/models/publisher_spec.rb": [
        1,
        null,
        1,
        1,
        null
      ],
      "/home/nukke/nukkeapp/app/models/publisher.rb": [
        null,
        null,
        1,
        1,
        1,
        null
      ],
      "/home/nukke/nukkeapp/spec/models/shop_spec.rb": [
        1,
        null,
        1,
        1,
        null
      ],
      "/home/nukke/nukkeapp/app/models/shop.rb": [
        null,
        null,
        1,
        1,
        1,
        1,
        1,
        null,
        null,
        null,
        null
      ],
      "/home/nukke/nukkeapp/spec/requests/api/books_spec.rb": [
        null,
        null,
        1,
        null,
        1,
        1,
        4,
        4,
        null,
        null,
        1,
        null,
        1,
        1,
        null,
        1,
        null,
        1,
        1,
        null,
        null,
        1,
        1,
        1,
        null,
        1,
        null,
        null,
        1,
        1,
        2,
        null,
        1,
        1,
        null,
        null,
        null,
        null,
        null,
        null,
        1,
        1,
        null,
        null,
        1,
        1,
        1,
        null,
        1,
        null,
        null,
        null,
        1,
        1,
        null,
        1,
        null,
        null,
        null
      ],
      "/home/nukke/nukkeapp/spec/requests/api/publishers_spec.rb": [
        null,
        null,
        1,
        null,
        1,
        1,
        1,
        2,
        2,
        null,
        null,
        1,
        1,
        null,
        1,
        null,
        1,
        1,
        null,
        null,
        1,
        1,
        null,
        1,
        null,
        null,
        1,
        1,
        2,
        null,
        1,
        1,
        null,
        null,
        null,
        null,
        1,
        1,
        null,
        null,
        null,
        1,
        1,
        1,
        null,
        1,
        null,
        null,
        null,
        null,
        1,
        1,
        null,
        1,
        null,
        null,
        null
      ],
      "/home/nukke/nukkeapp/spec/requests/api/shops_spec.rb": [
        null,
        null,
        1,
        null,
        1,
        12,
        12,
        12,
        12,
        12,
        12,
        null,
        1,
        1,
        1,
        null,
        1,
        null,
        1,
        1,
        null,
        null,
        1,
        1,
        1,
        null,
        1,
        null,
        null,
        null,
        1,
        1,
        3,
        null,
        1,
        1,
        1,
        null,
        null,
        null,
        1,
        1,
        null,
        1,
        null,
        null,
        null,
        1,
        3,
        null,
        1,
        1,
        1,
        null,
        null,
        1,
        1,
        null,
        null,
        null,
        null,
        null,
        1,
        1,
        1,
        3,
        null,
        null,
        null,
        null,
        null,
        null,
        null,
        null,
        null,
        null,
        null,
        null,
        1,
        1,
        null,
        1,
        null,
        1,
        1,
        null,
        2,
        null,
        null,
        1,
        null,
        1,
        null,
        2,
        null,
        null,
        null,
        1,
        2,
        1,
        1,
        null,
        1,
        null,
        null,
        1,
        1,
        1,
        null,
        null,
        null,
        null,
        null,
        null,
        null,
        null,
        null,
        1,
        1,
        1,
        null,
        null,
        null,
        null
      ],
      "/home/nukke/nukkeapp/app/serializers/book_serializer.rb": [
        null,
        null,
        1,
        1,
        1,
        null,
        null
      ],
      "/home/nukke/nukkeapp/app/serializers/publisher_serializer.rb": [
        null,
        null,
        1,
        1,
        1,
        null
      ],
      "/home/nukke/nukkeapp/app/serializers/shop_serializer.rb": [
        null,
        null,
        1,
        1,
        null,
        1,
        3,
        null,
        3,
        4,
        4,
        null,
        4,
        null,
        3,
        null,
        null
      ],
      "/home/nukke/nukkeapp/app/services/sell_service.rb": [
        null,
        null,
        1,
        1,
        1,
        5,
        null,
        4,
        7,
        7,
        7,
        7,
        null,
        3,
        null,
        null,
        null
      ]
    },
    "timestamp": 1547754317
  }
}
